<?xml version="1.0" encoding="UTF-8"?>

<beans xmlns="http://www.springframework.org/schema/beans"
    xmlns:xsi="http://www.w3.org/2001/XMLSchema-instance"
    xmlns:context="http://www.springframework.org/schema/context"
    xmlns:jdbc="http://www.springframework.org/schema/jdbc"
    xmlns:tx="http://www.springframework.org/schema/tx"
    xsi:schemaLocation="http://www.springframework.org/schema/beans http://www.springframework.org/schema/beans/spring-beans-4.0.xsd
    	http://www.springframework.org/schema/context http://www.springframework.org/schema/context/spring-context-4.0.xsd
    	http://www.springframework.org/schema/jdbc http://www.springframework.org/schema/jdbc/spring-jdbc-4.0.xsd
    	http://www.springframework.org/schema/tx http://www.springframework.org/schema/tx/spring-tx-4.1.xsd ">
  
  	<context:property-placeholder location="classpath:/sfqueue.properties"/>
  	
    <context:annotation-config />
    <context:component-scan base-package="com.statestreet.sft.queue" />
 
    <bean id="dataSource" class="org.springframework.jdbc.datasource.DriverManagerDataSource">
      <property name="driverClassName" value="org.hsqldb.jdbcDriver"/>
      <property name="url" value="jdbc:hsqldb:mem:queue"/>
	  <property name="username" value="sa" />
	  <property name="password" value="" />
    </bean>	
    
    <bean id="emailServer" class="com.statestreet.sft.email.model.EmailServer">
       <property name="smtpHost" value="email.smtpHost" />
       <property name="smtpPort" value="email.smtpPort" />
       <property name="smtpProtocol" value="email.smtpProtocol" />
       <property name="smtpsStarttlsEnabled" value="email.smtpsStarttlsEnabled" />
       <property name="smtpDebug" value="email.smtpDebug"/>
       <property name="smtTimeOut" value="email.smtTimeOut" />
       <property name="smtConnectionTimeOut" value="email.smtConnectionTimeOut" />
    </bean>    
    
    <bean id="emailProcessor" class="com.statestreet.sft.email.processor.EmailProcessorService">
    </bean>
        
    <!-- enable the configuration of transactional behavior based on annotations
    <tx:annotation-driven transaction-manager="transactionManager"/>
	
	<bean id="transactionManager" class="org.springframework.batch.support.transaction.ResourcelessTransactionManager" /> -->
    
    <!-- Initialise the database -->
	<jdbc:initialize-database data-source="dataSource" enabled="true" ignore-failures="DROPS">
		<jdbc:script location="classpath:/schema/Test.sql"/>		
	</jdbc:initialize-database>
	
	<import resource="classpath:/sfqueue-dao-config.xml"/>
	<import resource="classpath:/sfqueue-service-config.xml"/>
</beans>